Event #1:
HAI
CHI
LON
STA
SUB

Event #2:
Not Possible

Event #3:
AAA

Event #4:
AAB
AAC
BAA
BAB
CAC
CCC

Event #5:
BRE
BER
TER
BRT

Event #6:
STA
SUB
SUW

Event #7:
AFH
ATB
ARV
AKE
AQP
AAF
AMG
APV
BTE
BGU
BSE
BUG
BRW
BDE
BIW
BKR
CWH
CRQ
CTD
CQR
CEH
CAM
COB
CVT
DQZ
DNB
DJW
DZY
DBQ
DQD
DVL
DGT
EQS
ERZ
EMY
EDE
EOR
EKD
ERP
EFX
FVE
FBM
FUR
FIZ
FOY
FLH
FHX
FKY
GWW
GTH
GLI
GRO
GMQ
GUX
GFW
GQC
HGS
HYJ
HIU
HWI
HLN
HMX
HGH
HDL
ISV
IID
IHV
IIV
ILN
IGQ
ITQ
IKE
JMW
JBC
JJC
JIE
JFF
JGH
JXK
JBO
KHU
KFK
KAJ
KXE
KNC
KKB
KVT
KON
LOM
LSW
LVF
LNY
LPV
LJW
LZK
LJF
MUO
MFO
MAO
MEL

Event #8:
ATH
AVR
AHM

Event #9:
AFT
AFR
AFE
AER
ATF
ATT
AFF
AEE
BEG
BEU
BGE
BGG
BEE
BNU
BAI
BNN
CAB
CBA
CYA
CAY
CBY
CYB
CIB
CBI
DAY
DYG
DAG
DYA
DYL
DLA
DYI
DIG

Event #10:
ABC
ABD
ADB
ACD
ACB
ADD

Event #11:
Not Possible

Event #12:
PRO
PRG
PRR
PRA
PRN
PRM
PRI
POG

Event #13:
NUT
NUS
NTU
NTS
NSU
NST
UNT
UNS
UTN
UTS
USN
UST
TNU
TNS
TUN
TUS
TSN
TSU
SNU
SNT
SUN
SUT
STN
STU

Event #14:
CAA
CRR
ACR
AAR
RCC
RRA

Event #15:
CAA
CRR
ACR
AAR
RCC
RAA

Event #16:
Not Possible

Event #17:
ABC
ACB
ACD
ABD
ADC
ABB
ACC
ADB

Event #18:
Not Possible

Event #19:
Not Possible

Event #20:
FII
FFI
FFV
FVE
FEI
FFE
IFV
IFF
IVF
IVV
IIE
IIV
VFI
VFF
VIF
VII
VEE
VVE
EEF
EFF
EEI
EII
EVV
EVI

Event #21:
ABC
ABD
ACD
ACB
ACC
BAC

